<?xml version="1.0" encoding="UTF-8"?>
<testsuite xmlns:xsi="http://www.w3.org/2001/XMLSchema-instance" xsi:noNamespaceSchemaLocation="https://maven.apache.org/surefire/maven-surefire-plugin/xsd/surefire-test-report-3.0.xsd" version="3.0" name="Create new car" time="101.475" tests="1" errors="1" skipped="0" failures="0">
  <properties>
[...]
</properties>
  <testcase name="Create new car" classname="Create new car" time="101.475">
    <error message="Expected condition failed: waiting for visibility of Proxy element for: DefaultElementLocator &apos;By.cssSelector: [title=&apos;Create Car&apos;]&apos; (tried for 15 second(s) with 500 milliseconds interval)" type="org.openqa.selenium.TimeoutException">org.openqa.selenium.TimeoutException: Expected condition failed: waiting for visibility of Proxy element for: DefaultElementLocator 'By.cssSelector: [title='Create Car']' (tried for 15 second(s) with 500 milliseconds interval)
Caused by: org.openqa.selenium.NoSuchElementException: 
no such element: Unable to locate element: {"method":"css selector","selector":"[title='Create Car']"}
  (Session info: chrome=81.0.4044.122)
For documentation on this error, please visit: https://www.seleniumhq.org/exceptions/no_such_element.html
Build info: version: '3.141.59', revision: 'e82be7d358', time: '2018-11-14T08:17:03'
System info: host: 'DESKTOP-EP6PDU8', ip: '10.0.0.146', os.name: 'Windows 10', os.arch: 'amd64', os.version: '10.0', java.version: '12.0.2'
Driver info: org.openqa.selenium.chrome.ChromeDriver
Capabilities {acceptInsecureCerts: false, browserName: chrome, browserVersion: 81.0.4044.122, chrome: {chromedriverVersion: 80.0.3987.106 (f68069574609..., userDataDir: C:\Users\aysel\AppData\Loca...}, goog:chromeOptions: {debuggerAddress: localhost:50040}, javascriptEnabled: true, networkConnectionEnabled: false, pageLoadStrategy: normal, platform: WINDOWS, platformName: WINDOWS, proxy: Proxy(), setWindowRect: true, strictFileInteractability: false, timeouts: {implicit: 0, pageLoad: 300000, script: 30000}, unhandledPromptBehavior: dismiss and notify}
Session ID: fd1fff35f0b0e21300f344cd8f081cbc
*** Element info: {Using=css selector, value=[title='Create Car']}
</error>
    <system-out><![CDATA[INFO    2020-04-22 17:02:29,870 [pool-1-thread-2] com.vytrack.step_definitions.Hook  - ##############################
INFO    2020-04-22 17:02:29,870 [pool-1-thread-2] com.vytrack.step_definitions.Hook  - Test setup!
TRYING TO CREATE DRIVER
I am on the login page
Login as store manager
Test failed
===========================
]]></system-out>
    <system-err><![CDATA[[pool-1-thread-2] INFO io.github.bonigarcia.wdm.WebDriverManager - Using chromedriver 80.0.3987.106 (since Google Chrome 80 is installed in your machine)
[pool-1-thread-2] INFO io.github.bonigarcia.wdm.WebDriverManager - Exporting webdriver.chrome.driver as C:\Users\aysel\.m2\repository\webdriver\chromedriver\win32\80.0.3987.106\chromedriver.exe
Starting ChromeDriver 80.0.3987.106 (f68069574609230cf9b635cd784cfb1bf81bb53a-refs/branch-heads/3987@{#882}) on port 18871
Only local connections are allowed.
Please protect ports used by ChromeDriver and related test frameworks to prevent access by malicious code.
[1587600159.280][WARNING]: This version of ChromeDriver has not been tested with Chrome version 81.
[1587600161.376][WARNING]: Timed out connecting to Chrome, retrying...
Apr 22, 2020 5:02:43 PM org.openqa.selenium.remote.ProtocolHandshake createSession
INFO: Detected dialect: W3C
[1587600165.843][WARNING]: Timed out connecting to Chrome, retrying...
[1587600172.662][SEVERE]: Timed out receiving message from renderer: 0.100
[1587600179.121][SEVERE]: Timed out receiving message from renderer: 0.100
[1587600179.833][SEVERE]: Timed out receiving message from renderer: 0.100
[1587600181.073][SEVERE]: Timed out receiving message from renderer: 0.100
[1587600184.097][SEVERE]: Timed out receiving message from renderer: 0.100
[1587600184.883][SEVERE]: Timed out receiving message from renderer: 0.100
[1587600185.265][SEVERE]: Timed out receiving message from renderer: 0.100
[1587600185.643][SEVERE]: Timed out receiving message from renderer: 0.100
[1587600185.871][SEVERE]: Timed out receiving message from renderer: 0.100
[1587600186.000][SEVERE]: Timed out receiving message from renderer: 0.100
[1587600186.112][SEVERE]: Timed out receiving message from renderer: 0.100
[1587600186.237][SEVERE]: Timed out receiving message from renderer: 0.100
[1587600186.419][SEVERE]: Timed out receiving message from renderer: 0.100
[1587600186.617][SEVERE]: Timed out receiving message from renderer: 0.100
[1587600186.750][SEVERE]: Timed out receiving message from renderer: 0.100
[1587600186.894][SEVERE]: Timed out receiving message from renderer: 0.100
[1587600187.051][SEVERE]: Timed out receiving message from renderer: 0.100
[1587600187.274][SEVERE]: Timed out receiving message from renderer: 0.100
[1587600187.482][SEVERE]: Timed out receiving message from renderer: 0.100
[1587600187.631][SEVERE]: Timed out receiving message from renderer: 0.100
[1587600187.776][SEVERE]: Timed out receiving message from renderer: 0.100
[1587600187.949][SEVERE]: Timed out receiving message from renderer: 0.100
[1587600188.080][SEVERE]: Timed out receiving message from renderer: 0.100
[1587600188.273][SEVERE]: Timed out receiving message from renderer: 0.100
[1587600188.513][SEVERE]: Timed out receiving message from renderer: 0.100
[1587600188.766][SEVERE]: Timed out receiving message from renderer: 0.100
[1587600189.094][SEVERE]: Timed out receiving message from renderer: 0.100
[1587600189.372][SEVERE]: Timed out receiving message from renderer: 0.100
[1587600189.681][SEVERE]: Timed out receiving message from renderer: 0.100
[1587600189.871][SEVERE]: Timed out receiving message from renderer: 0.100
[1587600189.993][SEVERE]: Timed out receiving message from renderer: 0.100
[1587600190.159][SEVERE]: Timed out receiving message from renderer: 0.100
[1587600190.274][SEVERE]: Timed out receiving message from renderer: 0.100
[1587600190.480][SEVERE]: Timed out receiving message from renderer: 0.100
[1587600190.616][SEVERE]: Timed out receiving message from renderer: 0.100
[1587600190.734][SEVERE]: Timed out receiving message from renderer: 0.100
[1587600190.977][SEVERE]: Timed out receiving message from renderer: 0.100
[1587600191.189][SEVERE]: Timed out receiving message from renderer: 0.100
[1587600191.433][SEVERE]: Timed out receiving message from renderer: 0.100
[1587600191.565][SEVERE]: Timed out receiving message from renderer: 0.100
[1587600191.920][SEVERE]: Timed out receiving message from renderer: 0.100
[1587600192.082][SEVERE]: Timed out receiving message from renderer: 0.100
[1587600192.254][SEVERE]: Timed out receiving message from renderer: 0.100
[1587600192.477][SEVERE]: Timed out receiving message from renderer: 0.100
[1587600192.622][SEVERE]: Timed out receiving message from renderer: 0.100
[1587600192.729][SEVERE]: Timed out receiving message from renderer: 0.100
[1587600192.859][SEVERE]: Timed out receiving message from renderer: 0.100
[1587600192.995][SEVERE]: Timed out receiving message from renderer: 0.100
[1587600193.110][SEVERE]: Timed out receiving message from renderer: 0.100
[1587600193.216][SEVERE]: Timed out receiving message from renderer: 0.100
[1587600193.354][SEVERE]: Timed out receiving message from renderer: 0.100
[1587600193.459][SEVERE]: Timed out receiving message from renderer: 0.100
[1587600193.576][SEVERE]: Timed out receiving message from renderer: 0.100
[1587600193.707][SEVERE]: Timed out receiving message from renderer: 0.100
[1587600193.819][SEVERE]: Timed out receiving message from renderer: 0.100
[1587600193.951][SEVERE]: Timed out receiving message from renderer: 0.100
[1587600194.061][SEVERE]: Timed out receiving message from renderer: 0.100
[1587600194.178][SEVERE]: Timed out receiving message from renderer: 0.100
[1587600194.307][SEVERE]: Timed out receiving message from renderer: 0.100
[1587600194.483][SEVERE]: Timed out receiving message from renderer: 0.100
[1587600194.814][SEVERE]: Timed out receiving message from renderer: 0.100
[1587600194.958][SEVERE]: Timed out receiving message from renderer: 0.100
[1587600195.235][SEVERE]: Timed out receiving message from renderer: 0.100
[1587600195.460][SEVERE]: Timed out receiving message from renderer: 0.100
[1587600195.578][SEVERE]: Timed out receiving message from renderer: 0.100
[1587600195.834][SEVERE]: Timed out receiving message from renderer: 0.100
[1587600196.008][SEVERE]: Timed out receiving message from renderer: 0.100
[1587600196.195][SEVERE]: Timed out receiving message from renderer: 0.100
[1587600196.424][SEVERE]: Timed out receiving message from renderer: 0.100
[1587600196.626][SEVERE]: Timed out receiving message from renderer: 0.100
[1587600196.844][SEVERE]: Timed out receiving message from renderer: 0.100
[1587600197.088][SEVERE]: Timed out receiving message from renderer: 0.100
[1587600197.208][SEVERE]: Timed out receiving message from renderer: 0.100
[1587600197.369][SEVERE]: Timed out receiving message from renderer: 0.100
[1587600197.533][SEVERE]: Timed out receiving message from renderer: 0.100
[1587600197.710][SEVERE]: Timed out receiving message from renderer: 0.100
[1587600197.883][SEVERE]: Timed out receiving message from renderer: 0.100
[1587600198.110][SEVERE]: Timed out receiving message from renderer: 0.100
[1587600198.228][SEVERE]: Timed out receiving message from renderer: 0.100
[1587600198.392][SEVERE]: Timed out receiving message from renderer: 0.100
[1587600198.681][SEVERE]: Timed out receiving message from renderer: 0.100
[1587600198.941][SEVERE]: Timed out receiving message from renderer: 0.100
[1587600199.220][SEVERE]: Timed out receiving message from renderer: 0.100
[1587600199.355][SEVERE]: Timed out receiving message from renderer: 0.100
[1587600199.458][SEVERE]: Timed out receiving message from renderer: 0.100
[1587600199.567][SEVERE]: Timed out receiving message from renderer: 0.100
[1587600199.688][SEVERE]: Timed out receiving message from renderer: 0.100
[1587600199.896][SEVERE]: Timed out receiving message from renderer: 0.100
[1587600200.083][SEVERE]: Timed out receiving message from renderer: 0.100
[1587600200.193][SEVERE]: Timed out receiving message from renderer: 0.100
[1587600200.334][SEVERE]: Timed out receiving message from renderer: 0.100
[1587600200.474][SEVERE]: Timed out receiving message from renderer: 0.100
[1587600200.609][SEVERE]: Timed out receiving message from renderer: 0.100
[1587600200.744][SEVERE]: Timed out receiving message from renderer: 0.100
[1587600200.895][SEVERE]: Timed out receiving message from renderer: 0.100
[1587600201.041][SEVERE]: Timed out receiving message from renderer: 0.100
[1587600201.206][SEVERE]: Timed out receiving message from renderer: 0.100
[1587600201.340][SEVERE]: Timed out receiving message from renderer: 0.100
[1587600201.490][SEVERE]: Timed out receiving message from renderer: 0.100
[1587600201.685][SEVERE]: Timed out receiving message from renderer: 0.100
[1587600201.863][SEVERE]: Timed out receiving message from renderer: 0.100
[1587600202.090][SEVERE]: Timed out receiving message from renderer: 0.100
[1587600202.228][SEVERE]: Timed out receiving message from renderer: 0.100
[1587600202.341][SEVERE]: Timed out receiving message from renderer: 0.100
[1587600202.533][SEVERE]: Timed out receiving message from renderer: 0.100
[1587600202.645][SEVERE]: Timed out receiving message from renderer: 0.100
[1587600202.813][SEVERE]: Timed out receiving message from renderer: 0.100
[1587600202.936][SEVERE]: Timed out receiving message from renderer: 0.100
[1587600203.127][SEVERE]: Timed out receiving message from renderer: 0.100
[1587600203.386][SEVERE]: Timed out receiving message from renderer: 0.100
[1587600203.507][SEVERE]: Timed out receiving message from renderer: 0.100
[1587600203.700][SEVERE]: Timed out receiving message from renderer: 0.100
[1587600205.373][SEVERE]: Timed out receiving message from renderer: 0.100
[1587600205.601][SEVERE]: Timed out receiving message from renderer: 0.100
[1587600205.747][SEVERE]: Timed out receiving message from renderer: 0.100
[1587600205.944][SEVERE]: Timed out receiving message from renderer: 0.100
[1587600206.276][SEVERE]: Timed out receiving message from renderer: 0.100
[1587600206.519][SEVERE]: Timed out receiving message from renderer: 0.100
[1587600206.778][SEVERE]: Timed out receiving message from renderer: 0.100
[1587600207.208][SEVERE]: Timed out receiving message from renderer: 0.100
[1587600207.456][SEVERE]: Timed out receiving message from renderer: 0.100
[1587600207.673][SEVERE]: Timed out receiving message from renderer: 0.100
[1587600207.890][SEVERE]: Timed out receiving message from renderer: 0.100
[1587600208.030][SEVERE]: Timed out receiving message from renderer: 0.100
[1587600208.164][SEVERE]: Timed out receiving message from renderer: 0.100
[1587600208.295][SEVERE]: Timed out receiving message from renderer: 0.100
[1587600208.484][SEVERE]: Timed out receiving message from renderer: 0.100
[1587600208.952][SEVERE]: Timed out receiving message from renderer: 0.100
[1587600209.423][SEVERE]: Timed out receiving message from renderer: 0.100
[1587600209.537][SEVERE]: Timed out receiving message from renderer: 0.100
[1587600209.651][SEVERE]: Timed out receiving message from renderer: 0.100
[1587600209.765][SEVERE]: Timed out receiving message from renderer: 0.100
[1587600209.947][SEVERE]: Timed out receiving message from renderer: 0.100
[1587600210.076][SEVERE]: Timed out receiving message from renderer: 0.100
[1587600210.334][SEVERE]: Timed out receiving message from renderer: 0.100
[1587600210.477][SEVERE]: Timed out receiving message from renderer: 0.100
[1587600210.629][SEVERE]: Timed out receiving message from renderer: 0.100
[1587600210.740][SEVERE]: Timed out receiving message from renderer: 0.100
[1587600210.867][SEVERE]: Timed out receiving message from renderer: 0.100
[1587600211.002][SEVERE]: Timed out receiving message from renderer: 0.100
[1587600211.148][SEVERE]: Timed out receiving message from renderer: 0.100
[1587600211.325][SEVERE]: Timed out receiving message from renderer: 0.100
[1587600211.526][SEVERE]: Timed out receiving message from renderer: 0.100
[1587600211.753][SEVERE]: Timed out receiving message from renderer: 0.100
[1587600212.039][SEVERE]: Timed out receiving message from renderer: 0.100
[1587600212.292][SEVERE]: Timed out receiving message from renderer: 0.100
[1587600212.444][SEVERE]: Timed out receiving message from renderer: 0.100
[1587600212.559][SEVERE]: Timed out receiving message from renderer: 0.100
[1587600212.721][SEVERE]: Timed out receiving message from renderer: 0.100
[1587600212.864][SEVERE]: Timed out receiving message from renderer: 0.100
[1587600213.036][SEVERE]: Timed out receiving message from renderer: 0.100
[1587600213.183][SEVERE]: Timed out receiving message from renderer: 0.100
[1587600213.528][SEVERE]: Timed out receiving message from renderer: 0.100
[1587600213.791][SEVERE]: Timed out receiving message from renderer: 0.100
]]></system-err>
  </testcase>
</testsuite>